<?xml version="1.0" encoding="UTF-8"?>
<!-- Generated by org.testng.reporters.JUnitReportReporter -->
<testsuite hostname="LAPTOP-GJTJ5UP3" failures="0" tests="1" name="Project.VtigerInspact" time="13.332" errors="0" timestamp="2021-04-29T01:49:17 IST" skipped="0">
  <testcase classname="Project.VtigerInspact" name="organizationName" time="13.332"/>
  <system-out/>
</testsuite> <!-- Project.VtigerInspact -->
