<?xml version="1.0" encoding="UTF-8"?>
<!-- Generated by org.testng.reporters.JUnitReportReporter -->
<testsuite hostname="LAPTOP-GJTJ5UP3" failures="0" tests="1" name="Project.CreateCustomer" time="0.007" errors="0" timestamp="2021-04-24T09:42:25 IST" skipped="0">
  <testcase classname="Project.CreateCustomer" name="create" time="0.007"/>
  <system-out/>
</testsuite> <!-- Project.CreateCustomer -->
