<?xml version="1.0" encoding="UTF-8"?>
<!-- Generated by org.testng.reporters.JUnitReportReporter -->
<testsuite hostname="LAPTOP-GJTJ5UP3" failures="0" tests="2" name="com.crm.vtiger.TestcasesTests.TC_28_FillAndSaveTheEntriesThenClickOnEdit_Test" time="33.845" errors="0" timestamp="2021-05-04T22:13:10 IST" skipped="0">
  <testcase classname="com.crm.vtiger.TestcasesTests.TC_28_FillAndSaveTheEntriesThenClickOnEdit_Test" name="saveData" time="14.048"/>
  <system-out/>
  <testcase classname="com.crm.vtiger.TestcasesTests.TC_28_FillAndSaveTheEntriesThenClickOnEdit_Test" name="editData" time="19.797"/>
  <system-out/>
</testsuite> <!-- com.crm.vtiger.TestcasesTests.TC_28_FillAndSaveTheEntriesThenClickOnEdit_Test -->
