<?xml version="1.0" encoding="UTF-8"?>
<!-- Generated by org.testng.reporters.JUnitReportReporter -->
<testsuite hostname="LAPTOP-GJTJ5UP3" failures="0" tests="1" name="com.crm.vtigerTests.CreateContactTest" time="120.955" errors="0" timestamp="2021-04-30T15:55:40 IST" skipped="0">
  <testcase classname="com.crm.vtigerTests.CreateContactTest" name="organizationName" time="120.955"/>
  <system-out/>
</testsuite> <!-- com.crm.vtigerTests.CreateContactTest -->
