<?xml version="1.0" encoding="UTF-8"?>
<!-- Generated by org.testng.reporters.JUnitReportReporter -->
<testsuite hostname="LAPTOP-GJTJ5UP3" failures="0" tests="1" name="com.crm.vtiger.TestcasesTests.ClickOnEdit" time="15.699" errors="0" timestamp="2021-04-29T01:19:05 IST" skipped="0">
  <testcase classname="com.crm.vtiger.TestcasesTests.ClickOnEdit" name="editData" time="15.699"/>
  <system-out/>
</testsuite> <!-- com.crm.vtiger.TestcasesTests.ClickOnEdit -->
