<?xml version="1.0" encoding="UTF-8"?>
<!-- Generated by org.testng.reporters.JUnitReportReporter -->
<testsuite hostname="LAPTOP-GJTJ5UP3" failures="0" tests="1" name="Project.PropertyFileTest" time="0.019" errors="0" timestamp="2021-04-27T15:25:59 IST" skipped="0">
  <testcase classname="Project.PropertyFileTest" name="readData" time="0.019"/>
  <system-out/>
</testsuite> <!-- Project.PropertyFileTest -->
