<?xml version="1.0" encoding="UTF-8"?>
<!-- Generated by org.testng.reporters.JUnitReportReporter -->
<testsuite hostname="LAPTOP-GJTJ5UP3" failures="0" tests="1" name="com.crm.vtiger.genericUtilities.JavaUtilities" time="0.010" errors="0" timestamp="2021-04-28T20:38:23 IST" skipped="0">
  <testcase classname="com.crm.vtiger.genericUtilities.JavaUtilities" name="getRandomData" time="0.010"/>
  <system-out/>
</testsuite> <!-- com.crm.vtiger.genericUtilities.JavaUtilities -->
