<?xml version="1.0" encoding="UTF-8"?>
<!-- Generated by org.testng.reporters.JUnitReportReporter -->
<testsuite hostname="LAPTOP-GJTJ5UP3" failures="0" tests="2" name="com.crm.vtiger.TestcasesTests.TC_29_FillAndSaveTheEntriesThenClickOnDelete_Test" time="31.348" errors="0" timestamp="2021-05-04T22:13:10 IST" skipped="0">
  <testcase classname="com.crm.vtiger.TestcasesTests.TC_29_FillAndSaveTheEntriesThenClickOnDelete_Test" name="deleteData" time="18.881"/>
  <system-out/>
  <testcase classname="com.crm.vtiger.TestcasesTests.TC_29_FillAndSaveTheEntriesThenClickOnDelete_Test" name="saveData" time="12.467"/>
  <system-out/>
</testsuite> <!-- com.crm.vtiger.TestcasesTests.TC_29_FillAndSaveTheEntriesThenClickOnDelete_Test -->
