<?xml version="1.0" encoding="UTF-8"?>
<!-- Generated by org.testng.reporters.JUnitReportReporter -->
<testsuite hostname="LAPTOP-GJTJ5UP3" failures="0" tests="1" name="Project.Organizations1" time="13.168" errors="0" timestamp="2021-04-29T01:50:03 IST" skipped="0">
  <testcase classname="Project.Organizations1" name="organizationCheckBox" time="13.168"/>
  <system-out/>
</testsuite> <!-- Project.Organizations1 -->
