<?xml version="1.0" encoding="UTF-8"?>
<!-- Generated by org.testng.reporters.JUnitReportReporter -->
<testsuite hostname="LAPTOP-GJTJ5UP3" failures="0" tests="1" name="Project.Organization3" time="8.719" errors="0" timestamp="2021-04-29T01:50:45 IST" skipped="0">
  <testcase classname="Project.Organization3" name="organizationCheckBox" time="8.719"/>
  <system-out/>
</testsuite> <!-- Project.Organization3 -->
