<?xml version="1.0" encoding="UTF-8"?>
<!-- Generated by org.testng.reporters.JUnitReportReporter -->
<testsuite hostname="LAPTOP-GJTJ5UP3" failures="0" tests="2" name="com.crm.vtiger.TestcasesTests.TC_30_SearchForOpportunityNameInDropDownList_Test" time="79.693" errors="0" timestamp="2021-05-05T21:07:34 IST" skipped="0">
  <testcase classname="com.crm.vtiger.TestcasesTests.TC_30_SearchForOpportunityNameInDropDownList_Test" name="opportunityNameSearch" time="27.370"/>
  <system-out/>
  <testcase classname="com.crm.vtiger.TestcasesTests.TC_30_SearchForOpportunityNameInDropDownList_Test" name="saveData" time="52.323"/>
  <system-out/>
</testsuite> <!-- com.crm.vtiger.TestcasesTests.TC_30_SearchForOpportunityNameInDropDownList_Test -->
