<?xml version="1.0" encoding="UTF-8"?>
<!-- Generated by org.testng.reporters.JUnitReportReporter -->
<testsuite hostname="LAPTOP-GJTJ5UP3" failures="0" tests="1" name="com.crm.vtiger.TestcasesTests.ClickOnDelete" time="13.186" errors="0" timestamp="2021-04-29T01:20:51 IST" skipped="0">
  <testcase classname="com.crm.vtiger.TestcasesTests.ClickOnDelete" name="editData" time="13.186"/>
  <system-out/>
</testsuite> <!-- com.crm.vtiger.TestcasesTests.ClickOnDelete -->
