<?xml version="1.0" encoding="UTF-8"?>
<!-- Generated by org.testng.reporters.JUnitReportReporter -->
<testsuite hostname="LAPTOP-GJTJ5UP3" failures="0" tests="1" name="com.crm.vtiger.genericUtilities.Date" time="0.005" errors="0" timestamp="2021-05-04T21:45:00 IST" skipped="0">
  <testcase classname="com.crm.vtiger.genericUtilities.Date" name="currentDate" time="0.005"/>
  <system-out/>
</testsuite> <!-- com.crm.vtiger.genericUtilities.Date -->
