<?xml version="1.0" encoding="UTF-8"?>
<!-- Generated by org.testng.reporters.JUnitReportReporter -->
<testsuite hostname="LAPTOP-GJTJ5UP3" failures="0" tests="1" name="com.crm.vtiger.genericUtilities.SystemDate" time="0.015" errors="0" timestamp="2021-05-04T21:54:20 IST" skipped="0">
  <testcase classname="com.crm.vtiger.genericUtilities.SystemDate" name="main" time="0.015"/>
  <system-out/>
</testsuite> <!-- com.crm.vtiger.genericUtilities.SystemDate -->
