<?xml version="1.0" encoding="UTF-8"?>
<!-- Generated by org.testng.reporters.JUnitReportReporter -->
<testsuite hostname="LAPTOP-GJTJ5UP3" failures="0" tests="1" name="Project.Organization2" time="9.130" errors="0" timestamp="2021-04-27T21:50:26 IST" skipped="0">
  <testcase classname="Project.Organization2" name="organizationLastCheckBox" time="9.130"/>
  <system-out/>
</testsuite> <!-- Project.Organization2 -->
